<html>
<head>
<title>TestNG:  BVT</title>
<link href="../testng.css" rel="stylesheet" type="text/css" />
<link href="../my-testng.css" rel="stylesheet" type="text/css" />

<style type="text/css">
.log { display: none;} 
.stack-trace { display: none;} 
</style>
<script type="text/javascript">
<!--
function flip(e) {
  current = e.style.display;
  if (current == 'block') {
    e.style.display = 'none';
    return 0;
  }
  else {
    e.style.display = 'block';
    return 1;
  }
}

function toggleBox(szDivId, elem, msg1, msg2)
{
  var res = -1;  if (document.getElementById) {
    res = flip(document.getElementById(szDivId));
  }
  else if (document.all) {
    // this is the way old msie versions work
    res = flip(document.all[szDivId]);
  }
  if(elem) {
    if(res == 0) elem.innerHTML = msg1; else elem.innerHTML = msg2;
  }

}

function toggleAllBoxes() {
  if (document.getElementsByTagName) {
    d = document.getElementsByTagName('div');
    for (i = 0; i < d.length; i++) {
      if (d[i].className == 'log') {
        flip(d[i]);
      }
    }
  }
}

// -->
</script>

</head>
<body>
<h2 align='center'>BVT</h2><table border='1' align="center">
<tr>
<td>Tests passed/Failed/Skipped:</td><td>30/3/0</td>
</tr><tr>
<td>Started on:</td><td>Sun Jun 12 22:15:37 IST 2016</td>
</tr>
<tr><td>Total time:</td><td>834 seconds (834505 ms)</td>
</tr><tr>
<td>Included groups:</td><td></td>
</tr><tr>
<td>Excluded groups:</td><td></td>
</tr>
</table><p/>
<small><i>(Hover the method name to see the test class name)</i></small><p/>
<table width='100%' border='1' class='invocation-failed'>
<tr><td colspan='4' align='center'><b>FAILED TESTS</b></td></tr>
<tr><td><b>Test method</b></td>
<td width="30%"><b>Exception</b></td>
<td width="10%"><b>Time (seconds)</b></td>
<td><b>Instance</b></td>
</tr>
<tr>
<td title='pa_bvt.ManagementPages.linkHoldingsMaster()'><b>linkHoldingsMaster</b><br>Test class: pa_bvt.ManagementPages</td>
<td><div><pre>org.openqa.selenium.TimeoutException: Timed out after 180 seconds waiting for presence of element located by: By.id: _filter_ds_T__portfolios
Build info: version: &apos;2.52.0&apos;, revision: &apos;4c2593c&apos;, time: &apos;2016-02-11 19:06:42&apos;
System info: host: &apos;DevShah-PC&apos;, ip: &apos;192.168.0.101&apos;, os.name: &apos;Windows 10&apos;, os.arch: &apos;amd64&apos;, os.version: &apos;10.0&apos;, java.version: &apos;1.8.0_73&apos;
Driver info: org.openqa.selenium.chrome.ChromeDriver
Capabilities [{applicationCacheEnabled=false, rotatable=false, mobileEmulationEnabled=false, chrome={chromedriverVersion=2.21.371459 (36d3d07f660ff2bc1bf28a75d1cdabed0983e7c4), userDataDir=C:\Users\DEVSHA~1\AppData\Local\Temp\scoped_dir5212_22857}, takesHeapSnapshot=true, databaseEnabled=false, handlesAlerts=true, hasTouchScreen=false, version=51.0.2704.84, platform=XP, browserConnectionEnabled=false, nativeEvents=true, acceptSslCerts=true, locationContextEnabled=true, webStorageEnabled=true, browserName=chrome, takesScreenshot=true, javascriptEnabled=true, cssSelectorsEnabled=true}]
Session ID: 4c2815598e25418419426fff463120fa
	at org.openqa.selenium.support.ui.WebDriverWait.timeoutException(WebDriverWait.java:80)
	at org.openqa.selenium.support.ui.FluentWait.until(FluentWait.java:261)
	at pa_bvt.ManagementPages.linkHoldingsMaster(ManagementPages.java:135)
	at java.util.concurrent.ThreadPoolExecutor.runWorker(Unknown Source)
	at java.util.concurrent.ThreadPoolExecutor$Worker.run(Unknown Source)
	at java.lang.Thread.run(Unknown Source)
Caused by: org.openqa.selenium.NoSuchElementException: no such element: Unable to locate element: {&quot;method&quot;:&quot;id&quot;,&quot;selector&quot;:&quot;_filter_ds_T__portfolios&quot;}
  (Session info: chrome=51.0.2704.84)
  (Driver info: chromedriver=2.21.371459 (36d3d07f660ff2bc1bf28a75d1cdabed0983e7c4),platform=Windows NT 10.0 x86_64) (WARNING: The server did not provide any stacktrace information)
Command duration or timeout: 30.03 seconds
For documentation on this error, please visit: http://seleniumhq.org/exceptions/no_such_element.html
Build info: version: &apos;2.52.0&apos;, revision: &apos;4c2593c&apos;, time: &apos;2016-02-11 19:06:42&apos;
System info: host: &apos;DevShah-PC&apos;, ip: &apos;192.168.0.101&apos;, os.name: &apos;Windows 10&apos;, os.arch: &apos;amd64&apos;, os.version: &apos;10.0&apos;, java.version: &apos;1.8.0_73&apos;
Driver info: org.openqa.selenium.chrome.ChromeDriver
Capabilities [{applicationCacheEnabled=false, rotatable=false, mobileEmulationEnabled=false, chrome={chromedriverVersion=2.21.371459 (36d3d07f660ff2bc1bf28a75d1cdabed0983e7c4), userDataDir=C:\Users\DEVSHA~1\AppData\Local\Temp\scoped_dir5212_22857}, takesHeapSnapshot=true, databaseEnabled=false, handlesAlerts=true, hasTouchScreen=false, version=51.0.2704.84, platform=XP, browserConnectionEnabled=false, nativeEvents=true, acceptSslCerts=true, locationContextEnabled=true, webStorageEnabled=true, browserName=chrome, takesScreenshot=true, javascriptEnabled=true, cssSelectorsEnabled=true}]
Session ID: 4c2815598e25418419426fff463120fa
*** Element info: {Using=id, value=_filter_ds_T__portfolios}
	at org.openqa.selenium.remote.ErrorHandler.createThrowable(ErrorHandler.java:206)
	at org.openqa.selenium.remote.ErrorHandler.throwIfResponseFailed(ErrorHandler.java:158)
	at org.openqa.selenium.remote.RemoteWebDriver.execute(RemoteWebDriver.java:678)
	at org.openqa.selenium.remote.RemoteWebDriver.findElement(RemoteWebDriver.java:363)
	at org.openqa.selenium.remote.RemoteWebDriver.findElementById(RemoteWebDriver.java:413)
	at org.openqa.selenium.By$ById.findElement(By.java:218)
	at org.openqa.selenium.remote.RemoteWebDriver.findElement(RemoteWebDriver.java:355)
	at org.openqa.selenium.support.ui.ExpectedConditions.findElement(ExpectedConditions.java:911)
	at org.openqa.selenium.support.ui.ExpectedConditions.access$0(ExpectedConditions.java:909)
	at org.openqa.selenium.support.ui.ExpectedConditions$6.apply(ExpectedConditions.java:181)
	at org.openqa.selenium.support.ui.ExpectedConditions$6.apply(ExpectedConditions.java:1)
	at org.openqa.selenium.support.ui.FluentWait.until(FluentWait.java:238)
	... 14 more
... Removed 13 stack frames</pre></div><a href='#' onClick='toggleBox("stack-trace2062265768", this, "Click to show all stack frames", "Click to hide stack frames")'>Click to show all stack frames</a>
<div class='stack-trace' id='stack-trace2062265768'><pre>org.openqa.selenium.TimeoutException: Timed out after 180 seconds waiting for presence of element located by: By.id: _filter_ds_T__portfolios
Build info: version: &apos;2.52.0&apos;, revision: &apos;4c2593c&apos;, time: &apos;2016-02-11 19:06:42&apos;
System info: host: &apos;DevShah-PC&apos;, ip: &apos;192.168.0.101&apos;, os.name: &apos;Windows 10&apos;, os.arch: &apos;amd64&apos;, os.version: &apos;10.0&apos;, java.version: &apos;1.8.0_73&apos;
Driver info: org.openqa.selenium.chrome.ChromeDriver
Capabilities [{applicationCacheEnabled=false, rotatable=false, mobileEmulationEnabled=false, chrome={chromedriverVersion=2.21.371459 (36d3d07f660ff2bc1bf28a75d1cdabed0983e7c4), userDataDir=C:\Users\DEVSHA~1\AppData\Local\Temp\scoped_dir5212_22857}, takesHeapSnapshot=true, databaseEnabled=false, handlesAlerts=true, hasTouchScreen=false, version=51.0.2704.84, platform=XP, browserConnectionEnabled=false, nativeEvents=true, acceptSslCerts=true, locationContextEnabled=true, webStorageEnabled=true, browserName=chrome, takesScreenshot=true, javascriptEnabled=true, cssSelectorsEnabled=true}]
Session ID: 4c2815598e25418419426fff463120fa
	at org.openqa.selenium.support.ui.WebDriverWait.timeoutException(WebDriverWait.java:80)
	at org.openqa.selenium.support.ui.FluentWait.until(FluentWait.java:261)
	at pa_bvt.ManagementPages.linkHoldingsMaster(ManagementPages.java:135)
	at sun.reflect.NativeMethodAccessorImpl.invoke0(Native Method)
	at sun.reflect.NativeMethodAccessorImpl.invoke(Unknown Source)
	at sun.reflect.DelegatingMethodAccessorImpl.invoke(Unknown Source)
	at java.lang.reflect.Method.invoke(Unknown Source)
	at org.testng.internal.MethodInvocationHelper.invokeMethod(MethodInvocationHelper.java:85)
	at org.testng.internal.Invoker.invokeMethod(Invoker.java:639)
	at org.testng.internal.Invoker.invokeTestMethod(Invoker.java:816)
	at org.testng.internal.Invoker.invokeTestMethods(Invoker.java:1124)
	at org.testng.internal.TestMethodWorker.invokeTestMethods(TestMethodWorker.java:125)
	at org.testng.internal.TestMethodWorker.run(TestMethodWorker.java:108)
	at java.util.concurrent.ThreadPoolExecutor.runWorker(Unknown Source)
	at java.util.concurrent.ThreadPoolExecutor$Worker.run(Unknown Source)
	at java.lang.Thread.run(Unknown Source)
Caused by: org.openqa.selenium.NoSuchElementException: no such element: Unable to locate element: {&quot;method&quot;:&quot;id&quot;,&quot;selector&quot;:&quot;_filter_ds_T__portfolios&quot;}
  (Session info: chrome=51.0.2704.84)
  (Driver info: chromedriver=2.21.371459 (36d3d07f660ff2bc1bf28a75d1cdabed0983e7c4),platform=Windows NT 10.0 x86_64) (WARNING: The server did not provide any stacktrace information)
Command duration or timeout: 30.03 seconds
For documentation on this error, please visit: http://seleniumhq.org/exceptions/no_such_element.html
Build info: version: &apos;2.52.0&apos;, revision: &apos;4c2593c&apos;, time: &apos;2016-02-11 19:06:42&apos;
System info: host: &apos;DevShah-PC&apos;, ip: &apos;192.168.0.101&apos;, os.name: &apos;Windows 10&apos;, os.arch: &apos;amd64&apos;, os.version: &apos;10.0&apos;, java.version: &apos;1.8.0_73&apos;
Driver info: org.openqa.selenium.chrome.ChromeDriver
Capabilities [{applicationCacheEnabled=false, rotatable=false, mobileEmulationEnabled=false, chrome={chromedriverVersion=2.21.371459 (36d3d07f660ff2bc1bf28a75d1cdabed0983e7c4), userDataDir=C:\Users\DEVSHA~1\AppData\Local\Temp\scoped_dir5212_22857}, takesHeapSnapshot=true, databaseEnabled=false, handlesAlerts=true, hasTouchScreen=false, version=51.0.2704.84, platform=XP, browserConnectionEnabled=false, nativeEvents=true, acceptSslCerts=true, locationContextEnabled=true, webStorageEnabled=true, browserName=chrome, takesScreenshot=true, javascriptEnabled=true, cssSelectorsEnabled=true}]
Session ID: 4c2815598e25418419426fff463120fa
*** Element info: {Using=id, value=_filter_ds_T__portfolios}
	at sun.reflect.GeneratedConstructorAccessor32.newInstance(Unknown Source)
	at sun.reflect.DelegatingConstructorAccessorImpl.newInstance(Unknown Source)
	at java.lang.reflect.Constructor.newInstance(Unknown Source)
	at org.openqa.selenium.remote.ErrorHandler.createThrowable(ErrorHandler.java:206)
	at org.openqa.selenium.remote.ErrorHandler.throwIfResponseFailed(ErrorHandler.java:158)
	at org.openqa.selenium.remote.RemoteWebDriver.execute(RemoteWebDriver.java:678)
	at org.openqa.selenium.remote.RemoteWebDriver.findElement(RemoteWebDriver.java:363)
	at org.openqa.selenium.remote.RemoteWebDriver.findElementById(RemoteWebDriver.java:413)
	at org.openqa.selenium.By$ById.findElement(By.java:218)
	at org.openqa.selenium.remote.RemoteWebDriver.findElement(RemoteWebDriver.java:355)
	at org.openqa.selenium.support.ui.ExpectedConditions.findElement(ExpectedConditions.java:911)
	at org.openqa.selenium.support.ui.ExpectedConditions.access$0(ExpectedConditions.java:909)
	at org.openqa.selenium.support.ui.ExpectedConditions$6.apply(ExpectedConditions.java:181)
	at org.openqa.selenium.support.ui.ExpectedConditions$6.apply(ExpectedConditions.java:1)
	at org.openqa.selenium.support.ui.FluentWait.until(FluentWait.java:238)
	... 14 more
</pre></div></td>
<td>182</td>
<td>pa_bvt.ManagementPages@752325ad</td></tr>
<tr>
<td title='pa_bvt.ManagementPages.replaceHoldingsMaster()'><b>replaceHoldingsMaster</b><br>Test class: pa_bvt.ManagementPages</td>
<td><div><pre>org.openqa.selenium.NoSuchElementException: no such element: Unable to locate element: {&quot;method&quot;:&quot;xpath&quot;,&quot;selector&quot;:&quot;html/body/table/tbody/tr[2]/td[4]/div/form/div[7]/div[2]/table/tbody/tr[2]/td[6]/div[3]/a/span[1]&quot;}
  (Session info: chrome=51.0.2704.84)
  (Driver info: chromedriver=2.21.371459 (36d3d07f660ff2bc1bf28a75d1cdabed0983e7c4),platform=Windows NT 10.0 x86_64) (WARNING: The server did not provide any stacktrace information)
Command duration or timeout: 30.02 seconds
For documentation on this error, please visit: http://seleniumhq.org/exceptions/no_such_element.html
Build info: version: &apos;2.52.0&apos;, revision: &apos;4c2593c&apos;, time: &apos;2016-02-11 19:06:42&apos;
System info: host: &apos;DevShah-PC&apos;, ip: &apos;192.168.0.101&apos;, os.name: &apos;Windows 10&apos;, os.arch: &apos;amd64&apos;, os.version: &apos;10.0&apos;, java.version: &apos;1.8.0_73&apos;
Driver info: org.openqa.selenium.chrome.ChromeDriver
Capabilities [{applicationCacheEnabled=false, rotatable=false, mobileEmulationEnabled=false, chrome={chromedriverVersion=2.21.371459 (36d3d07f660ff2bc1bf28a75d1cdabed0983e7c4), userDataDir=C:\Users\DEVSHA~1\AppData\Local\Temp\scoped_dir5212_22857}, takesHeapSnapshot=true, databaseEnabled=false, handlesAlerts=true, hasTouchScreen=false, version=51.0.2704.84, platform=XP, browserConnectionEnabled=false, nativeEvents=true, acceptSslCerts=true, locationContextEnabled=true, webStorageEnabled=true, browserName=chrome, takesScreenshot=true, javascriptEnabled=true, cssSelectorsEnabled=true}]
Session ID: 4c2815598e25418419426fff463120fa
*** Element info: {Using=xpath, value=html/body/table/tbody/tr[2]/td[4]/div/form/div[7]/div[2]/table/tbody/tr[2]/td[6]/div[3]/a/span[1]}
	at org.openqa.selenium.remote.ErrorHandler.createThrowable(ErrorHandler.java:206)
	at org.openqa.selenium.remote.ErrorHandler.throwIfResponseFailed(ErrorHandler.java:158)
	at org.openqa.selenium.remote.RemoteWebDriver.execute(RemoteWebDriver.java:678)
	at org.openqa.selenium.remote.RemoteWebDriver.findElement(RemoteWebDriver.java:363)
	at org.openqa.selenium.remote.RemoteWebDriver.findElementByXPath(RemoteWebDriver.java:500)
	at org.openqa.selenium.By$ByXPath.findElement(By.java:361)
	at org.openqa.selenium.remote.RemoteWebDriver.findElement(RemoteWebDriver.java:355)
	at pa_bvt.ManagementPages.replaceHoldingsMaster(ManagementPages.java:216)
	at java.util.concurrent.ThreadPoolExecutor.runWorker(Unknown Source)
	at java.util.concurrent.ThreadPoolExecutor$Worker.run(Unknown Source)
	at java.lang.Thread.run(Unknown Source)
... Removed 13 stack frames</pre></div><a href='#' onClick='toggleBox("stack-trace912374648", this, "Click to show all stack frames", "Click to hide stack frames")'>Click to show all stack frames</a>
<div class='stack-trace' id='stack-trace912374648'><pre>org.openqa.selenium.NoSuchElementException: no such element: Unable to locate element: {&quot;method&quot;:&quot;xpath&quot;,&quot;selector&quot;:&quot;html/body/table/tbody/tr[2]/td[4]/div/form/div[7]/div[2]/table/tbody/tr[2]/td[6]/div[3]/a/span[1]&quot;}
  (Session info: chrome=51.0.2704.84)
  (Driver info: chromedriver=2.21.371459 (36d3d07f660ff2bc1bf28a75d1cdabed0983e7c4),platform=Windows NT 10.0 x86_64) (WARNING: The server did not provide any stacktrace information)
Command duration or timeout: 30.02 seconds
For documentation on this error, please visit: http://seleniumhq.org/exceptions/no_such_element.html
Build info: version: &apos;2.52.0&apos;, revision: &apos;4c2593c&apos;, time: &apos;2016-02-11 19:06:42&apos;
System info: host: &apos;DevShah-PC&apos;, ip: &apos;192.168.0.101&apos;, os.name: &apos;Windows 10&apos;, os.arch: &apos;amd64&apos;, os.version: &apos;10.0&apos;, java.version: &apos;1.8.0_73&apos;
Driver info: org.openqa.selenium.chrome.ChromeDriver
Capabilities [{applicationCacheEnabled=false, rotatable=false, mobileEmulationEnabled=false, chrome={chromedriverVersion=2.21.371459 (36d3d07f660ff2bc1bf28a75d1cdabed0983e7c4), userDataDir=C:\Users\DEVSHA~1\AppData\Local\Temp\scoped_dir5212_22857}, takesHeapSnapshot=true, databaseEnabled=false, handlesAlerts=true, hasTouchScreen=false, version=51.0.2704.84, platform=XP, browserConnectionEnabled=false, nativeEvents=true, acceptSslCerts=true, locationContextEnabled=true, webStorageEnabled=true, browserName=chrome, takesScreenshot=true, javascriptEnabled=true, cssSelectorsEnabled=true}]
Session ID: 4c2815598e25418419426fff463120fa
*** Element info: {Using=xpath, value=html/body/table/tbody/tr[2]/td[4]/div/form/div[7]/div[2]/table/tbody/tr[2]/td[6]/div[3]/a/span[1]}
	at sun.reflect.GeneratedConstructorAccessor32.newInstance(Unknown Source)
	at sun.reflect.DelegatingConstructorAccessorImpl.newInstance(Unknown Source)
	at java.lang.reflect.Constructor.newInstance(Unknown Source)
	at org.openqa.selenium.remote.ErrorHandler.createThrowable(ErrorHandler.java:206)
	at org.openqa.selenium.remote.ErrorHandler.throwIfResponseFailed(ErrorHandler.java:158)
	at org.openqa.selenium.remote.RemoteWebDriver.execute(RemoteWebDriver.java:678)
	at org.openqa.selenium.remote.RemoteWebDriver.findElement(RemoteWebDriver.java:363)
	at org.openqa.selenium.remote.RemoteWebDriver.findElementByXPath(RemoteWebDriver.java:500)
	at org.openqa.selenium.By$ByXPath.findElement(By.java:361)
	at org.openqa.selenium.remote.RemoteWebDriver.findElement(RemoteWebDriver.java:355)
	at pa_bvt.ManagementPages.replaceHoldingsMaster(ManagementPages.java:216)
	at sun.reflect.NativeMethodAccessorImpl.invoke0(Native Method)
	at sun.reflect.NativeMethodAccessorImpl.invoke(Unknown Source)
	at sun.reflect.DelegatingMethodAccessorImpl.invoke(Unknown Source)
	at java.lang.reflect.Method.invoke(Unknown Source)
	at org.testng.internal.MethodInvocationHelper.invokeMethod(MethodInvocationHelper.java:85)
	at org.testng.internal.Invoker.invokeMethod(Invoker.java:639)
	at org.testng.internal.Invoker.invokeTestMethod(Invoker.java:816)
	at org.testng.internal.Invoker.invokeTestMethods(Invoker.java:1124)
	at org.testng.internal.TestMethodWorker.invokeTestMethods(TestMethodWorker.java:125)
	at org.testng.internal.TestMethodWorker.run(TestMethodWorker.java:108)
	at java.util.concurrent.ThreadPoolExecutor.runWorker(Unknown Source)
	at java.util.concurrent.ThreadPoolExecutor$Worker.run(Unknown Source)
	at java.lang.Thread.run(Unknown Source)
</pre></div></td>
<td>42</td>
<td>pa_bvt.ManagementPages@752325ad</td></tr>
<tr>
<td title='pa_bvt.ManagementPages.unlinkHoldingsMaster()'><b>unlinkHoldingsMaster</b><br>Test class: pa_bvt.ManagementPages</td>
<td><div><pre>org.openqa.selenium.NoSuchElementException: no such element: Unable to locate element: {&quot;method&quot;:&quot;xpath&quot;,&quot;selector&quot;:&quot;html/body/table/tbody/tr[2]/td[4]/div/form/div[7]/div[2]/table/tbody/tr[2]/td[6]/div[3]/a/span[1]&quot;}
  (Session info: chrome=51.0.2704.84)
  (Driver info: chromedriver=2.21.371459 (36d3d07f660ff2bc1bf28a75d1cdabed0983e7c4),platform=Windows NT 10.0 x86_64) (WARNING: The server did not provide any stacktrace information)
Command duration or timeout: 30.03 seconds
For documentation on this error, please visit: http://seleniumhq.org/exceptions/no_such_element.html
Build info: version: &apos;2.52.0&apos;, revision: &apos;4c2593c&apos;, time: &apos;2016-02-11 19:06:42&apos;
System info: host: &apos;DevShah-PC&apos;, ip: &apos;192.168.0.101&apos;, os.name: &apos;Windows 10&apos;, os.arch: &apos;amd64&apos;, os.version: &apos;10.0&apos;, java.version: &apos;1.8.0_73&apos;
Driver info: org.openqa.selenium.chrome.ChromeDriver
Capabilities [{applicationCacheEnabled=false, rotatable=false, mobileEmulationEnabled=false, chrome={chromedriverVersion=2.21.371459 (36d3d07f660ff2bc1bf28a75d1cdabed0983e7c4), userDataDir=C:\Users\DEVSHA~1\AppData\Local\Temp\scoped_dir5212_22857}, takesHeapSnapshot=true, databaseEnabled=false, handlesAlerts=true, hasTouchScreen=false, version=51.0.2704.84, platform=XP, browserConnectionEnabled=false, nativeEvents=true, acceptSslCerts=true, locationContextEnabled=true, webStorageEnabled=true, browserName=chrome, takesScreenshot=true, javascriptEnabled=true, cssSelectorsEnabled=true}]
Session ID: 4c2815598e25418419426fff463120fa
*** Element info: {Using=xpath, value=html/body/table/tbody/tr[2]/td[4]/div/form/div[7]/div[2]/table/tbody/tr[2]/td[6]/div[3]/a/span[1]}
	at org.openqa.selenium.remote.ErrorHandler.createThrowable(ErrorHandler.java:206)
	at org.openqa.selenium.remote.ErrorHandler.throwIfResponseFailed(ErrorHandler.java:158)
	at org.openqa.selenium.remote.RemoteWebDriver.execute(RemoteWebDriver.java:678)
	at org.openqa.selenium.remote.RemoteWebDriver.findElement(RemoteWebDriver.java:363)
	at org.openqa.selenium.remote.RemoteWebDriver.findElementByXPath(RemoteWebDriver.java:500)
	at org.openqa.selenium.By$ByXPath.findElement(By.java:361)
	at org.openqa.selenium.remote.RemoteWebDriver.findElement(RemoteWebDriver.java:355)
	at pa_bvt.ManagementPages.unlinkHoldingsMaster(ManagementPages.java:113)
	at java.util.concurrent.ThreadPoolExecutor.runWorker(Unknown Source)
	at java.util.concurrent.ThreadPoolExecutor$Worker.run(Unknown Source)
	at java.lang.Thread.run(Unknown Source)
... Removed 13 stack frames</pre></div><a href='#' onClick='toggleBox("stack-trace1951966693", this, "Click to show all stack frames", "Click to hide stack frames")'>Click to show all stack frames</a>
<div class='stack-trace' id='stack-trace1951966693'><pre>org.openqa.selenium.NoSuchElementException: no such element: Unable to locate element: {&quot;method&quot;:&quot;xpath&quot;,&quot;selector&quot;:&quot;html/body/table/tbody/tr[2]/td[4]/div/form/div[7]/div[2]/table/tbody/tr[2]/td[6]/div[3]/a/span[1]&quot;}
  (Session info: chrome=51.0.2704.84)
  (Driver info: chromedriver=2.21.371459 (36d3d07f660ff2bc1bf28a75d1cdabed0983e7c4),platform=Windows NT 10.0 x86_64) (WARNING: The server did not provide any stacktrace information)
Command duration or timeout: 30.03 seconds
For documentation on this error, please visit: http://seleniumhq.org/exceptions/no_such_element.html
Build info: version: &apos;2.52.0&apos;, revision: &apos;4c2593c&apos;, time: &apos;2016-02-11 19:06:42&apos;
System info: host: &apos;DevShah-PC&apos;, ip: &apos;192.168.0.101&apos;, os.name: &apos;Windows 10&apos;, os.arch: &apos;amd64&apos;, os.version: &apos;10.0&apos;, java.version: &apos;1.8.0_73&apos;
Driver info: org.openqa.selenium.chrome.ChromeDriver
Capabilities [{applicationCacheEnabled=false, rotatable=false, mobileEmulationEnabled=false, chrome={chromedriverVersion=2.21.371459 (36d3d07f660ff2bc1bf28a75d1cdabed0983e7c4), userDataDir=C:\Users\DEVSHA~1\AppData\Local\Temp\scoped_dir5212_22857}, takesHeapSnapshot=true, databaseEnabled=false, handlesAlerts=true, hasTouchScreen=false, version=51.0.2704.84, platform=XP, browserConnectionEnabled=false, nativeEvents=true, acceptSslCerts=true, locationContextEnabled=true, webStorageEnabled=true, browserName=chrome, takesScreenshot=true, javascriptEnabled=true, cssSelectorsEnabled=true}]
Session ID: 4c2815598e25418419426fff463120fa
*** Element info: {Using=xpath, value=html/body/table/tbody/tr[2]/td[4]/div/form/div[7]/div[2]/table/tbody/tr[2]/td[6]/div[3]/a/span[1]}
	at sun.reflect.GeneratedConstructorAccessor32.newInstance(Unknown Source)
	at sun.reflect.DelegatingConstructorAccessorImpl.newInstance(Unknown Source)
	at java.lang.reflect.Constructor.newInstance(Unknown Source)
	at org.openqa.selenium.remote.ErrorHandler.createThrowable(ErrorHandler.java:206)
	at org.openqa.selenium.remote.ErrorHandler.throwIfResponseFailed(ErrorHandler.java:158)
	at org.openqa.selenium.remote.RemoteWebDriver.execute(RemoteWebDriver.java:678)
	at org.openqa.selenium.remote.RemoteWebDriver.findElement(RemoteWebDriver.java:363)
	at org.openqa.selenium.remote.RemoteWebDriver.findElementByXPath(RemoteWebDriver.java:500)
	at org.openqa.selenium.By$ByXPath.findElement(By.java:361)
	at org.openqa.selenium.remote.RemoteWebDriver.findElement(RemoteWebDriver.java:355)
	at pa_bvt.ManagementPages.unlinkHoldingsMaster(ManagementPages.java:113)
	at sun.reflect.NativeMethodAccessorImpl.invoke0(Native Method)
	at sun.reflect.NativeMethodAccessorImpl.invoke(Unknown Source)
	at sun.reflect.DelegatingMethodAccessorImpl.invoke(Unknown Source)
	at java.lang.reflect.Method.invoke(Unknown Source)
	at org.testng.internal.MethodInvocationHelper.invokeMethod(MethodInvocationHelper.java:85)
	at org.testng.internal.Invoker.invokeMethod(Invoker.java:639)
	at org.testng.internal.Invoker.invokeTestMethod(Invoker.java:816)
	at org.testng.internal.Invoker.invokeTestMethods(Invoker.java:1124)
	at org.testng.internal.TestMethodWorker.invokeTestMethods(TestMethodWorker.java:125)
	at org.testng.internal.TestMethodWorker.run(TestMethodWorker.java:108)
	at java.util.concurrent.ThreadPoolExecutor.runWorker(Unknown Source)
	at java.util.concurrent.ThreadPoolExecutor$Worker.run(Unknown Source)
	at java.lang.Thread.run(Unknown Source)
</pre></div></td>
<td>71</td>
<td>pa_bvt.ManagementPages@752325ad</td></tr>
</table><p>
<table width='100%' border='1' class='invocation-passed'>
<tr><td colspan='4' align='center'><b>PASSED TESTS</b></td></tr>
<tr><td><b>Test method</b></td>
<td width="30%"><b>Exception</b></td>
<td width="10%"><b>Time (seconds)</b></td>
<td><b>Instance</b></td>
</tr>
<tr>
<td title='pa_bvt.Create_Comp.Addconstituents()'><b>Addconstituents</b><br>Test class: pa_bvt.Create_Comp</td>
<td></td>
<td>44</td>
<td>pa_bvt.Create_Comp@3a52dba3</td></tr>
<tr>
<td title='pa_bvt.Create_Comp.CreateComposite()'><b>CreateComposite</b><br>Test class: pa_bvt.Create_Comp</td>
<td></td>
<td>35</td>
<td>pa_bvt.Create_Comp@3a52dba3</td></tr>
<tr>
<td title='pa_bvt.Reporting.CreateSchedule()'><b>CreateSchedule</b><br>Test class: pa_bvt.Reporting</td>
<td></td>
<td>31</td>
<td>pa_bvt.Reporting@45c7e403</td></tr>
<tr>
<td title='pa_bvt.Create_Pf.MyPortfolios()'><b>MyPortfolios</b><br>Test class: pa_bvt.Create_Pf</td>
<td></td>
<td>30</td>
<td>pa_bvt.Create_Pf@24aed80c</td></tr>
<tr>
<td title='pa_bvt.ManagementPages.OtherManagementPages()'><b>OtherManagementPages</b><br>Test class: pa_bvt.ManagementPages</td>
<td></td>
<td>47</td>
<td>pa_bvt.ManagementPages@752325ad</td></tr>
<tr>
<td title='pa_bvt.Create_Pf.PfCreate()'><b>PfCreate</b><br>Test class: pa_bvt.Create_Pf</td>
<td></td>
<td>28</td>
<td>pa_bvt.Create_Pf@24aed80c</td></tr>
<tr>
<td title='pa_bvt.Create_Pf.PfDelete()'><b>PfDelete</b><br>Test class: pa_bvt.Create_Pf</td>
<td></td>
<td>9</td>
<td>pa_bvt.Create_Pf@24aed80c</td></tr>
<tr>
<td title='pa_bvt.Create_Pf.PfUpload()'><b>PfUpload</b><br>Test class: pa_bvt.Create_Pf</td>
<td></td>
<td>6</td>
<td>pa_bvt.Create_Pf@24aed80c</td></tr>
<tr>
<td title='pa_bvt.ManagementPages.PropDataEditor()'><b>PropDataEditor</b><br>Test class: pa_bvt.ManagementPages</td>
<td></td>
<td>300</td>
<td>pa_bvt.ManagementPages@752325ad</td></tr>
<tr>
<td title='pa_bvt.LeftLink.compContriAnalysis()'><b>compContriAnalysis</b><br>Test class: pa_bvt.LeftLink</td>
<td></td>
<td>13</td>
<td>pa_bvt.LeftLink@2a5c8d3f</td></tr>
<tr>
<td title='pa_bvt.LeftLink.compRiskDecomp()'><b>compRiskDecomp</b><br>Test class: pa_bvt.LeftLink</td>
<td></td>
<td>48</td>
<td>pa_bvt.LeftLink@2a5c8d3f</td></tr>
<tr>
<td title='pa_bvt.LeftLink.compSummaryView()'><b>compSummaryView</b><br>Test class: pa_bvt.LeftLink</td>
<td></td>
<td>13</td>
<td>pa_bvt.LeftLink@2a5c8d3f</td></tr>
<tr>
<td title='pa_bvt.LeftLink.compTearsheet()'><b>compTearsheet</b><br>Test class: pa_bvt.LeftLink</td>
<td></td>
<td>81</td>
<td>pa_bvt.LeftLink@2a5c8d3f</td></tr>
<tr>
<td title='pa_bvt.OtherPages.eqListing()'><b>eqListing</b><br>Test class: pa_bvt.OtherPages</td>
<td></td>
<td>26</td>
<td>pa_bvt.OtherPages@b3ca52e</td></tr>
<tr>
<td title='pa_bvt.OtherPages.eqListing1()'><b>eqListing1</b><br>Test class: pa_bvt.OtherPages</td>
<td></td>
<td>19</td>
<td>pa_bvt.OtherPages@b3ca52e</td></tr>
<tr>
<td title='pa_bvt.OtherLeftLinks.estimatesPages()'><b>estimatesPages</b><br>Test class: pa_bvt.OtherLeftLinks</td>
<td></td>
<td>18</td>
<td>pa_bvt.OtherLeftLinks@279fedbd</td></tr>
<tr>
<td title='pa_bvt.OtherLeftLinks.events()'><b>events</b><br>Test class: pa_bvt.OtherLeftLinks</td>
<td></td>
<td>4</td>
<td>pa_bvt.OtherLeftLinks@279fedbd</td></tr>
<tr>
<td title='pa_bvt.OtherLeftLinks.filings()'><b>filings</b><br>Test class: pa_bvt.OtherLeftLinks</td>
<td></td>
<td>2</td>
<td>pa_bvt.OtherLeftLinks@279fedbd</td></tr>
<tr>
<td title='pa_bvt.OtherLeftLinks.invresearch()'><b>invresearch</b><br>Test class: pa_bvt.OtherLeftLinks</td>
<td></td>
<td>3</td>
<td>pa_bvt.OtherLeftLinks@279fedbd</td></tr>
<tr>
<td title='pa_bvt.OtherLeftLinks.keydevs()'><b>keydevs</b><br>Test class: pa_bvt.OtherLeftLinks</td>
<td></td>
<td>1</td>
<td>pa_bvt.OtherLeftLinks@279fedbd</td></tr>
<tr>
<td title='pa_bvt.OtherLeftLinks.news()'><b>news</b><br>Test class: pa_bvt.OtherLeftLinks</td>
<td></td>
<td>10</td>
<td>pa_bvt.OtherLeftLinks@279fedbd</td></tr>
<tr>
<td title='pa_bvt.LeftLink.pfContriAnalysis()'><b>pfContriAnalysis</b><br>Test class: pa_bvt.LeftLink</td>
<td></td>
<td>13</td>
<td>pa_bvt.LeftLink@2a5c8d3f</td></tr>
<tr>
<td title='pa_bvt.LeftLink.pfRiskDecomp()'><b>pfRiskDecomp</b><br>Test class: pa_bvt.LeftLink</td>
<td></td>
<td>42</td>
<td>pa_bvt.LeftLink@2a5c8d3f</td></tr>
<tr>
<td title='pa_bvt.LeftLink.pfSummaryView()'><b>pfSummaryView</b><br>Test class: pa_bvt.LeftLink</td>
<td></td>
<td>10</td>
<td>pa_bvt.LeftLink@2a5c8d3f</td></tr>
<tr>
<td title='pa_bvt.LeftLink.pfTearsheet()'><b>pfTearsheet</b><br>Test class: pa_bvt.LeftLink</td>
<td></td>
<td>178</td>
<td>pa_bvt.LeftLink@2a5c8d3f</td></tr>
<tr>
<td title='pa_bvt.OtherPages.portfolioExposure()'><b>portfolioExposure</b><br>Test class: pa_bvt.OtherPages</td>
<td></td>
<td>20</td>
<td>pa_bvt.OtherPages@b3ca52e</td></tr>
<tr>
<td title='pa_bvt.OtherPages.portfolioExposure1()'><b>portfolioExposure1</b><br>Test class: pa_bvt.OtherPages</td>
<td></td>
<td>26</td>
<td>pa_bvt.OtherPages@b3ca52e</td></tr>
<tr>
<td title='pa_bvt.OtherLeftLinks.team()'><b>team</b><br>Test class: pa_bvt.OtherLeftLinks</td>
<td></td>
<td>31</td>
<td>pa_bvt.OtherLeftLinks@279fedbd</td></tr>
<tr>
<td title='pa_bvt.OtherLeftLinks.transactionPages()'><b>transactionPages</b><br>Test class: pa_bvt.OtherLeftLinks</td>
<td></td>
<td>10</td>
<td>pa_bvt.OtherLeftLinks@279fedbd</td></tr>
<tr>
<td title='pa_bvt.OtherLeftLinks.watchlist()'><b>watchlist</b><br>Test class: pa_bvt.OtherLeftLinks</td>
<td></td>
<td>4</td>
<td>pa_bvt.OtherLeftLinks@279fedbd</td></tr>
</table><p>
</body>
</html>