<?xml version="1.0" encoding="UTF-8"?>
<!-- Generated by org.testng.reporters.JUnitXMLReporter -->
<testsuite hostname="pay1lap-71-PC" name="Pay1_Distributor_Suite" tests="41" failures="6" timestamp="29 Nov 2016 06:59:50 GMT" time="459.657" errors="0">
  <testcase name="mainReport" time="3.004" classname="pay1_distributor.Reports"/>
  <testcase name="accountHistory" time="17.376" classname="pay1_distributor.Reports">
    <skipped/>
  </testcase> <!-- accountHistory -->
  <testcase name="accountHistory" time="16.747" classname="pay1_distributor.Reports">
    <failure type="org.junit.ComparisonFailure" message="Balance not matching as per to latest acc record expected:&amp;lt;[Balance : ]503.00&amp;gt; but was:&amp;lt;[]503.00&amp;gt;">
      <![CDATA[org.junit.ComparisonFailure: Balance not matching as per to latest acc record expected:<[Balance : ]503.00> but was:<[]503.00>
	at org.junit.Assert.assertEquals(Assert.java:115)
	at pay1_distributor.Reports.accountHistory(Reports.java:178)
	at java.util.concurrent.ThreadPoolExecutor.runWorker(Unknown Source)
	at java.util.concurrent.ThreadPoolExecutor$Worker.run(Unknown Source)
	at java.lang.Thread.run(Unknown Source)
... Removed 10 stack frames]]>
    </failure>
  </testcase> <!-- accountHistory -->
  <testcase name="buyReport" time="18.683" classname="pay1_distributor.Reports"/>
  <testcase name="retailerSale" time="0.756" classname="pay1_distributor.Reports"/>
  <testcase name="salesmanReport" time="0.777" classname="pay1_distributor.Reports"/>
  <testcase name="retailerTransactions" time="1.299" classname="pay1_distributor.Reports"/>
  <testcase name="checkChart" time="33.13" classname="pay1_distributor.Reports">
    <skipped/>
  </testcase> <!-- checkChart -->
  <testcase name="checkChart" time="34.5" classname="pay1_distributor.Reports">
    <failure type="org.openqa.selenium.TimeoutException" message="Timed out after 30 seconds waiting for visibility of element located by By.xpath: .//*[@id=&amp;apos;test1&amp;apos;]/div/div[1]/div/*[name()=&amp;apos;svg&amp;apos;]/*[name()=&amp;apos;g&amp;apos;][1]/*[name()=&amp;apos;text&amp;apos;]
Build info: version: &amp;apos;2.53.0&amp;apos;, revision: &amp;apos;35ae25b&amp;apos;, time: &amp;apos;2016-03-15 16:57:40&amp;apos;
System info: host: &amp;apos;pay1lap-71-PC&amp;apos;, ip: &amp;apos;192.168.1.101&amp;apos;, os.name: &amp;apos;Windows 7&amp;apos;, os.arch: &amp;apos;amd64&amp;apos;, os.version: &amp;apos;6.1&amp;apos;, java.version: &amp;apos;1.8.0_102&amp;apos;
Driver info: org.openqa.selenium.chrome.ChromeDriver
Capabilities [{applicationCacheEnabled=false, rotatable=false, mobileEmulationEnabled=false, networkConnectionEnabled=false, chrome={chromedriverVersion=2.24.417431 (9aea000394714d2fbb20850021f6204f2256b9cf), userDataDir=C:\Users\ADMINI~1.PAY\AppData\Local\Temp\scoped_dir3344_17559}, takesHeapSnapshot=true, pageLoadStrategy=normal, databaseEnabled=false, handlesAlerts=true, hasTouchScreen=false, version=54.0.2840.99, platform=XP, browserConnectionEnabled=false, nativeEvents=true, acceptSslCerts=true, locationContextEnabled=true, webStorageEnabled=true, browserName=chrome, takesScreenshot=true, javascriptEnabled=true, cssSelectorsEnabled=true}]
Session ID: 72e25419a7122475e192a60a5cd3dede">
      <![CDATA[org.openqa.selenium.TimeoutException: Timed out after 30 seconds waiting for visibility of element located by By.xpath: .//*[@id='test1']/div/div[1]/div/*[name()='svg']/*[name()='g'][1]/*[name()='text']
Build info: version: '2.53.0', revision: '35ae25b', time: '2016-03-15 16:57:40'
System info: host: 'pay1lap-71-PC', ip: '192.168.1.101', os.name: 'Windows 7', os.arch: 'amd64', os.version: '6.1', java.version: '1.8.0_102'
Driver info: org.openqa.selenium.chrome.ChromeDriver
Capabilities [{applicationCacheEnabled=false, rotatable=false, mobileEmulationEnabled=false, networkConnectionEnabled=false, chrome={chromedriverVersion=2.24.417431 (9aea000394714d2fbb20850021f6204f2256b9cf), userDataDir=C:\Users\ADMINI~1.PAY\AppData\Local\Temp\scoped_dir3344_17559}, takesHeapSnapshot=true, pageLoadStrategy=normal, databaseEnabled=false, handlesAlerts=true, hasTouchScreen=false, version=54.0.2840.99, platform=XP, browserConnectionEnabled=false, nativeEvents=true, acceptSslCerts=true, locationContextEnabled=true, webStorageEnabled=true, browserName=chrome, takesScreenshot=true, javascriptEnabled=true, cssSelectorsEnabled=true}]
Session ID: 72e25419a7122475e192a60a5cd3dede
	at org.openqa.selenium.support.ui.WebDriverWait.timeoutException(WebDriverWait.java:80)
	at org.openqa.selenium.support.ui.FluentWait.until(FluentWait.java:261)
	at extentreports.ReadChart.navigate(ReadChart.java:64)
	at pay1_distributor.Reports.checkChart(Reports.java:319)
	at java.util.concurrent.ThreadPoolExecutor.runWorker(Unknown Source)
	at java.util.concurrent.ThreadPoolExecutor$Worker.run(Unknown Source)
	at java.lang.Thread.run(Unknown Source)
Caused by: org.openqa.selenium.NoSuchElementException: no such element: Unable to locate element: {"method":"xpath","selector":".//*[@id='test1']/div/div[1]/div/*[name()='svg']/*[name()='g'][1]/*[name()='text']"}
  (Session info: chrome=54.0.2840.99)
  (Driver info: chromedriver=2.24.417431 (9aea000394714d2fbb20850021f6204f2256b9cf),platform=Windows NT 6.1.7601 SP1 x86_64) (WARNING: The server did not provide any stacktrace information)
Command duration or timeout: 15.03 seconds
For documentation on this error, please visit: http://seleniumhq.org/exceptions/no_such_element.html
Build info: version: '2.53.0', revision: '35ae25b', time: '2016-03-15 16:57:40'
System info: host: 'pay1lap-71-PC', ip: '192.168.1.101', os.name: 'Windows 7', os.arch: 'amd64', os.version: '6.1', java.version: '1.8.0_102'
Driver info: org.openqa.selenium.chrome.ChromeDriver
Capabilities [{applicationCacheEnabled=false, rotatable=false, mobileEmulationEnabled=false, networkConnectionEnabled=false, chrome={chromedriverVersion=2.24.417431 (9aea000394714d2fbb20850021f6204f2256b9cf), userDataDir=C:\Users\ADMINI~1.PAY\AppData\Local\Temp\scoped_dir3344_17559}, takesHeapSnapshot=true, pageLoadStrategy=normal, databaseEnabled=false, handlesAlerts=true, hasTouchScreen=false, version=54.0.2840.99, platform=XP, browserConnectionEnabled=false, nativeEvents=true, acceptSslCerts=true, locationContextEnabled=true, webStorageEnabled=true, browserName=chrome, takesScreenshot=true, javascriptEnabled=true, cssSelectorsEnabled=true}]
Session ID: 72e25419a7122475e192a60a5cd3dede
*** Element info: {Using=xpath, value=.//*[@id='test1']/div/div[1]/div/*[name()='svg']/*[name()='g'][1]/*[name()='text']}
	at org.openqa.selenium.remote.ErrorHandler.createThrowable(ErrorHandler.java:206)
	at org.openqa.selenium.remote.ErrorHandler.throwIfResponseFailed(ErrorHandler.java:158)
	at org.openqa.selenium.remote.RemoteWebDriver.execute(RemoteWebDriver.java:678)
	at org.openqa.selenium.remote.RemoteWebDriver.findElement(RemoteWebDriver.java:363)
	at org.openqa.selenium.remote.RemoteWebDriver.findElementByXPath(RemoteWebDriver.java:500)
	at org.openqa.selenium.By$ByXPath.findElement(By.java:361)
	at org.openqa.selenium.remote.RemoteWebDriver.findElement(RemoteWebDriver.java:355)
	at org.openqa.selenium.support.ui.ExpectedConditions.findElement(ExpectedConditions.java:899)
	at org.openqa.selenium.support.ui.ExpectedConditions.access$0(ExpectedConditions.java:897)
	at org.openqa.selenium.support.ui.ExpectedConditions$7.apply(ExpectedConditions.java:205)
	at org.openqa.selenium.support.ui.ExpectedConditions$7.apply(ExpectedConditions.java:1)
	at org.openqa.selenium.support.ui.FluentWait.until(FluentWait.java:238)
	... 15 more
... Removed 13 stack frames]]>
    </failure>
  </testcase> <!-- checkChart -->
  <testcase name="support" time="1.365" classname="pay1_distributor.Support"/>
  <testcase name="otherPages" time="1.856" classname="pay1_distributor.Support"/>
  <testcase name="getRetailerBalance" time="1.745" classname="pay1_distributor.BalanceTransfer"/>
  <testcase name="transfer" time="7.791" classname="pay1_distributor.BalanceTransfer"/>
  <testcase name="retailerBalanceCheck" time="1.25" classname="pay1_distributor.BalanceTransfer"/>
  <testcase name="lastTransactions" time="1.95" classname="pay1_distributor.BalanceTransfer"/>
  <testcase name="mainReport" time="3.144" classname="pay1_distributor.BalanceTransfer"/>
  <testcase name="pullback" time="5.611" classname="pay1_distributor.BalanceTransfer"/>
  <testcase name="checkRequestOnPanel" time="21.692" classname="pay1_distributor.BalanceTransfer">
    <skipped/>
  </testcase> <!-- checkRequestOnPanel -->
  <testcase name="checkRequestOnPanel" time="20.386" classname="pay1_distributor.BalanceTransfer">
    <failure type="org.openqa.selenium.NoSuchElementException" message="Unable to locate element: {&amp;quot;method&amp;quot;:&amp;quot;xpath&amp;quot;,&amp;quot;selector&amp;quot;:&amp;quot;//*[contains(text(),&amp;apos;Amount transferred&amp;apos;)]/following::table[1]//tr[2]/td[2]&amp;quot;}
Command duration or timeout: 47 milliseconds
For documentation on this error, please visit: http://seleniumhq.org/exceptions/no_such_element.html
Build info: version: &amp;apos;2.53.0&amp;apos;, revision: &amp;apos;35ae25b&amp;apos;, time: &amp;apos;2016-03-15 16:57:40&amp;apos;
System info: host: &amp;apos;pay1lap-71-PC&amp;apos;, ip: &amp;apos;192.168.1.101&amp;apos;, os.name: &amp;apos;Windows 7&amp;apos;, os.arch: &amp;apos;amd64&amp;apos;, os.version: &amp;apos;6.1&amp;apos;, java.version: &amp;apos;1.8.0_102&amp;apos;
Driver info: org.openqa.selenium.firefox.FirefoxDriver
Capabilities [{applicationCacheEnabled=true, rotatable=false, handlesAlerts=true, databaseEnabled=true, version=46.0, platform=WINDOWS, nativeEvents=false, acceptSslCerts=true, webStorageEnabled=true, locationContextEnabled=true, browserName=firefox, takesScreenshot=true, javascriptEnabled=true, cssSelectorsEnabled=true}]
Session ID: bee6111c-cc49-4ed0-82d2-ff242f282fcf
*** Element info: {Using=xpath, value=//*[contains(text(),&amp;apos;Amount transferred&amp;apos;)]/following::table[1]//tr[2]/td[2]}">
      <![CDATA[org.openqa.selenium.NoSuchElementException: Unable to locate element: {"method":"xpath","selector":"//*[contains(text(),'Amount transferred')]/following::table[1]//tr[2]/td[2]"}
Command duration or timeout: 47 milliseconds
For documentation on this error, please visit: http://seleniumhq.org/exceptions/no_such_element.html
Build info: version: '2.53.0', revision: '35ae25b', time: '2016-03-15 16:57:40'
System info: host: 'pay1lap-71-PC', ip: '192.168.1.101', os.name: 'Windows 7', os.arch: 'amd64', os.version: '6.1', java.version: '1.8.0_102'
Driver info: org.openqa.selenium.firefox.FirefoxDriver
Capabilities [{applicationCacheEnabled=true, rotatable=false, handlesAlerts=true, databaseEnabled=true, version=46.0, platform=WINDOWS, nativeEvents=false, acceptSslCerts=true, webStorageEnabled=true, locationContextEnabled=true, browserName=firefox, takesScreenshot=true, javascriptEnabled=true, cssSelectorsEnabled=true}]
Session ID: bee6111c-cc49-4ed0-82d2-ff242f282fcf
*** Element info: {Using=xpath, value=//*[contains(text(),'Amount transferred')]/following::table[1]//tr[2]/td[2]}
	at org.openqa.selenium.remote.ErrorHandler.createThrowable(ErrorHandler.java:206)
	at org.openqa.selenium.remote.ErrorHandler.throwIfResponseFailed(ErrorHandler.java:158)
	at org.openqa.selenium.remote.RemoteWebDriver.execute(RemoteWebDriver.java:678)
	at org.openqa.selenium.remote.RemoteWebDriver.findElement(RemoteWebDriver.java:363)
	at org.openqa.selenium.remote.RemoteWebDriver.findElementByXPath(RemoteWebDriver.java:500)
	at org.openqa.selenium.By$ByXPath.findElement(By.java:361)
	at org.openqa.selenium.remote.RemoteWebDriver.findElement(RemoteWebDriver.java:355)
	at pay1_distributor.BalanceTransfer.checkRequestOnPanel(BalanceTransfer.java:298)
	at java.util.concurrent.ThreadPoolExecutor.runWorker(Unknown Source)
	at java.util.concurrent.ThreadPoolExecutor$Worker.run(Unknown Source)
	at java.lang.Thread.run(Unknown Source)
Caused by: org.openqa.selenium.NoSuchElementException: Unable to locate element: {"method":"xpath","selector":"//*[contains(text(),'Amount transferred')]/following::table[1]//tr[2]/td[2]"}
For documentation on this error, please visit: http://seleniumhq.org/exceptions/no_such_element.html
Build info: version: '2.53.0', revision: '35ae25b', time: '2016-03-15 16:57:40'
System info: host: 'pay1lap-71-PC', ip: '192.168.1.101', os.name: 'Windows 7', os.arch: 'amd64', os.version: '6.1', java.version: '1.8.0_102'
Driver info: driver.version: unknown
	at <anonymous class>.FirefoxDriver.prototype.findElementInternal_(file:///C:/Users/ADMINI~1.PAY/AppData/Local/Temp/anonymous5053332900131269493webdriver-profile/extensions/fxdriver@googlecode.com/components/driver-component.js:10770)
	at <anonymous class>.FirefoxDriver.prototype.findElement(file:///C:/Users/ADMINI~1.PAY/AppData/Local/Temp/anonymous5053332900131269493webdriver-profile/extensions/fxdriver@googlecode.com/components/driver-component.js:10779)
	at <anonymous class>.DelayedCommand.prototype.executeInternal_/h(file:///C:/Users/ADMINI~1.PAY/AppData/Local/Temp/anonymous5053332900131269493webdriver-profile/extensions/fxdriver@googlecode.com/components/command-processor.js:12661)
	at <anonymous class>.DelayedCommand.prototype.executeInternal_(file:///C:/Users/ADMINI~1.PAY/AppData/Local/Temp/anonymous5053332900131269493webdriver-profile/extensions/fxdriver@googlecode.com/components/command-processor.js:12666)
	at <anonymous class>.DelayedCommand.prototype.execute/<(file:///C:/Users/ADMINI~1.PAY/AppData/Local/Temp/anonymous5053332900131269493webdriver-profile/extensions/fxdriver@googlecode.com/components/command-processor.js:12608)
... Removed 13 stack frames]]>
    </failure>
  </testcase> <!-- checkRequestOnPanel -->
  <testcase name="accHistory" time="16.436" classname="pay1_distributor.BalanceTransfer">
    <skipped/>
  </testcase> <!-- accHistory -->
  <testcase name="accHistory" time="16.232" classname="pay1_distributor.BalanceTransfer">
    <failure type="java.lang.AssertionError" message="Error while confirming pullback transaction">
      <![CDATA[java.lang.AssertionError: Error while confirming pullback transaction
	at pay1_distributor.BalanceTransfer.accHistory(BalanceTransfer.java:527)
	at java.util.concurrent.ThreadPoolExecutor.runWorker(Unknown Source)
	at java.util.concurrent.ThreadPoolExecutor$Worker.run(Unknown Source)
	at java.lang.Thread.run(Unknown Source)
... Removed 11 stack frames]]>
    </failure>
  </testcase> <!-- accHistory -->
  <testcase name="getSalesmanBalance" time="0.668" classname="pay1_distributor.SalesmanTransfer"/>
  <testcase name="stransfer" time="33.67" classname="pay1_distributor.SalesmanTransfer"/>
  <testcase name="verifySalesmanBalance" time="1.102" classname="pay1_distributor.SalesmanTransfer"/>
  <testcase name="lastTransactions" time="2.222" classname="pay1_distributor.SalesmanTransfer"/>
  <testcase name="mainReport" time="3.812" classname="pay1_distributor.SalesmanTransfer"/>
  <testcase name="salesman_listchanges" time="31.133" classname="pay1_distributor.SalesmanTransfer"/>
  <testcase name="spullback" time="5.779" classname="pay1_distributor.SalesmanTransfer"/>
  <testcase name="accHistory" time="16.812" classname="pay1_distributor.SalesmanTransfer">
    <skipped/>
  </testcase> <!-- accHistory -->
  <testcase name="accHistory" time="16.387" classname="pay1_distributor.SalesmanTransfer">
    <failure type="java.lang.AssertionError" message="Error while confirming pullback transaction">
      <![CDATA[java.lang.AssertionError: Error while confirming pullback transaction
	at pay1_distributor.SalesmanTransfer.accHistory(SalesmanTransfer.java:415)
	at java.util.concurrent.ThreadPoolExecutor.runWorker(Unknown Source)
	at java.util.concurrent.ThreadPoolExecutor$Worker.run(Unknown Source)
	at java.lang.Thread.run(Unknown Source)
... Removed 11 stack frames]]>
    </failure>
  </testcase> <!-- accHistory -->
  <testcase name="activities" time="0.392" classname="pay1_distributor.Activities"/>
  <testcase name="retailerList" time="6.623" classname="pay1_distributor.Activities"/>
  <testcase name="deletedRetailerPage" time="1.207" classname="pay1_distributor.Activities"/>
  <testcase name="deleteRevertRetailer" time="1.92" classname="pay1_distributor.Activities">
    <skipped/>
  </testcase> <!-- deleteRevertRetailer -->
  <testcase name="deleteRevertRetailer" time="16.118" classname="pay1_distributor.Activities">
    <failure type="java.lang.AssertionError" message="Error occured while deleting retailer">
      <![CDATA[java.lang.AssertionError: Error occured while deleting retailer
	at pay1_distributor.Activities.deleteRevertRetailer(Activities.java:488)
	at java.util.concurrent.ThreadPoolExecutor.runWorker(Unknown Source)
	at java.util.concurrent.ThreadPoolExecutor$Worker.run(Unknown Source)
	at java.lang.Thread.run(Unknown Source)
... Removed 11 stack frames]]>
    </failure>
  </testcase> <!-- deleteRevertRetailer -->
  <testcase name="topUpRequest" time="19.315" classname="pay1_distributor.Activities"/>
  <testcase name="createRetailer" time="2.912" classname="pay1_distributor.Activities"/>
  <testcase name="createSalesman" time="3.408" classname="pay1_distributor.Activities"/>
  <testcase name="myProfile" time="0.699" classname="pay1_distributor.MyProfile"/>
  <testcase name="changePassword" time="3.7" classname="pay1_distributor.MyProfile"/>
  <testcase name="limits" time="2.549" classname="pay1_distributor.MyProfile"/>
</testsuite> <!-- Pay1_Distributor_Suite -->
