<?xml version="1.0" encoding="UTF-8"?>
<!-- Generated by org.testng.reporters.JUnitXMLReporter -->
<testsuite hostname="pay1lap-71-PC" name="Two" tests="6" failures="1" timestamp="16 May 2017 22:36:18 GMT" time="123.374" errors="0">
  <testcase name="activities" time="0.863" classname="master_distributor.Activities"/>
  <testcase name="kitsTransfer" time="4.475" classname="master_distributor.Activities"/>
  <testcase name="dList" time="12.037" classname="master_distributor.Activities"/>
  <testcase name="retailerList" time="38.714" classname="master_distributor.Activities"/>
  <testcase name="createRm" time="32.465" classname="master_distributor.Activities">
    <skipped/>
  </testcase> <!-- createRm -->
  <testcase name="createRm" time="32.695" classname="master_distributor.Activities">
    <failure type="org.openqa.selenium.TimeoutException" message="Timed out after 30 seconds waiting for text (&amp;apos;Testing&amp;apos;) to be present in element found by By.xpath: .//label[contains(text(),&amp;apos;Name&amp;apos;)]/following::div[1]
Build info: version: &amp;apos;2.53.0&amp;apos;, revision: &amp;apos;35ae25b&amp;apos;, time: &amp;apos;2016-03-15 16:57:40&amp;apos;
System info: host: &amp;apos;pay1lap-71-PC&amp;apos;, ip: &amp;apos;192.168.1.104&amp;apos;, os.name: &amp;apos;Windows 7&amp;apos;, os.arch: &amp;apos;amd64&amp;apos;, os.version: &amp;apos;6.1&amp;apos;, java.version: &amp;apos;1.8.0_102&amp;apos;
Driver info: org.openqa.selenium.firefox.FirefoxDriver
Capabilities [{applicationCacheEnabled=true, rotatable=false, handlesAlerts=true, databaseEnabled=true, version=45.0.1, platform=WINDOWS, nativeEvents=false, acceptSslCerts=true, webStorageEnabled=true, locationContextEnabled=true, browserName=firefox, takesScreenshot=true, javascriptEnabled=true, cssSelectorsEnabled=true}]
Session ID: f698b1c6-c83f-471c-bc5e-bcd82d0dd160">
      <![CDATA[org.openqa.selenium.TimeoutException: Timed out after 30 seconds waiting for text ('Testing') to be present in element found by By.xpath: .//label[contains(text(),'Name')]/following::div[1]
Build info: version: '2.53.0', revision: '35ae25b', time: '2016-03-15 16:57:40'
System info: host: 'pay1lap-71-PC', ip: '192.168.1.104', os.name: 'Windows 7', os.arch: 'amd64', os.version: '6.1', java.version: '1.8.0_102'
Driver info: org.openqa.selenium.firefox.FirefoxDriver
Capabilities [{applicationCacheEnabled=true, rotatable=false, handlesAlerts=true, databaseEnabled=true, version=45.0.1, platform=WINDOWS, nativeEvents=false, acceptSslCerts=true, webStorageEnabled=true, locationContextEnabled=true, browserName=firefox, takesScreenshot=true, javascriptEnabled=true, cssSelectorsEnabled=true}]
Session ID: f698b1c6-c83f-471c-bc5e-bcd82d0dd160
	at org.openqa.selenium.support.ui.WebDriverWait.timeoutException(WebDriverWait.java:80)
	at org.openqa.selenium.support.ui.FluentWait.until(FluentWait.java:261)
	at master_distributor.Activities.createRm(Activities.java:281)
... Removed 24 stack frames]]>
    </failure>
  </testcase> <!-- createRm -->
</testsuite> <!-- Two -->
